Introducing contestants...
* Player 1, weighing 109 bytes, "Test VERBO" ("Champion de test de l'option verbosity.") !
ADV 5 (0x0000 -> 0x0005) 01 00 00 00 01 
ADV 7 (0x0005 -> 0x000c) 02 90 00 00 00 37 01 
ADV 5 (0x000c -> 0x0011) 02 d0 ff fc 02 
ADV 5 (0x0011 -> 0x0016) 03 70 01 01 00 
ADV 5 (0x0016 -> 0x001b) 04 54 01 02 03 
ADV 5 (0x001b -> 0x0020) 05 54 01 02 03 
ADV 6 (0x0020 -> 0x0026) 06 74 01 ff fb 03 
ADV 6 (0x0026 -> 0x002c) 07 74 01 ff fb 03 
ADV 6 (0x002c -> 0x0032) 08 74 01 ff fb 03 
ADV 7 (0x0032 -> 0x0039) 0a e4 00 01 00 02 04 
ADV 7 (0x0039 -> 0x0040) 0b 68 02 00 e9 ff ea 
ADV 6 (0x0040 -> 0x0046) 0b 64 02 00 e9 01 
ADV 3 (0x0046 -> 0x0049) 0c 2f 6c 
ADV 7 (0x0049 -> 0x0050) 0d 90 00 00 00 16 05 
ADV 7 (0x0050 -> 0x0057) 0e e4 00 01 00 c8 05 
ADV 3 (0x0057 -> 0x005a) 0f 52 94 
ADV 3 (0x005a -> 0x005d) 10 40 01 
ADV 5 (0x005d -> 0x0062) 07 54 01 02 03 
ADV 3 (0x0062 -> 0x0065) 09 ff e2 
ADV 5 (0x0065 -> 0x006a) 06 54 07 08 09 
ADV 4 (0x004f -> 0x0053) 05 0e e4 00 
ADV 5 (0x0053 -> 0x0058) 01 00 c8 05 0f 
ADV 3 (0x005a -> 0x005d) 10 40 01 
ADV 5 (0x005d -> 0x0062) 07 54 01 02 03 
ADV 3 (0x0062 -> 0x0065) 09 ff e2 
ADV 5 (0x0065 -> 0x006a) 06 54 07 08 09 
ADV 4 (0x004f -> 0x0053) 05 0e e4 00 
ADV 5 (0x0053 -> 0x0058) 01 00 c8 05 0f 
ADV 3 (0x005a -> 0x005d) 10 40 01 
ADV 5 (0x005d -> 0x0062) 07 54 01 02 03 
ADV 3 (0x0062 -> 0x0065) 09 ff e2 
ADV 5 (0x0065 -> 0x006a) 06 54 07 08 09 
ADV 4 (0x004f -> 0x0053) 05 0e e4 00 
ADV 5 (0x0053 -> 0x0058) 01 00 c8 05 0f 
ADV 3 (0x005a -> 0x005d) 10 40 01 
ADV 5 (0x005d -> 0x0062) 07 54 01 02 03 
ADV 3 (0x0062 -> 0x0065) 09 ff e2 
ADV 5 (0x0065 -> 0x006a) 06 54 07 08 09 
ADV 4 (0x004f -> 0x0053) 05 0e e4 00 
ADV 5 (0x0053 -> 0x0058) 01 00 c8 05 0f 
ADV 3 (0x005a -> 0x005d) 10 40 01 
ADV 5 (0x005d -> 0x0062) 07 54 01 02 03 
ADV 3 (0x0062 -> 0x0065) 09 ff e2 
ADV 5 (0x0065 -> 0x006a) 06 54 07 08 09 
ADV 4 (0x004f -> 0x0053) 05 0e e4 00 
ADV 5 (0x0053 -> 0x0058) 01 00 c8 05 0f 
ADV 3 (0x005a -> 0x005d) 10 40 01 
ADV 5 (0x005d -> 0x0062) 07 54 01 02 03 
ADV 3 (0x0062 -> 0x0065) 09 ff e2 
ADV 5 (0x0065 -> 0x006a) 06 54 07 08 09 
ADV 4 (0x004f -> 0x0053) 05 0e e4 00 
ADV 5 (0x0053 -> 0x0058) 01 00 c8 05 0f 
ADV 3 (0x005a -> 0x005d) 10 40 01 
ADV 5 (0x005d -> 0x0062) 07 54 01 02 03 
ADV 3 (0x0062 -> 0x0065) 09 ff e2 
ADV 5 (0x0065 -> 0x006a) 06 54 07 08 09 
ADV 4 (0x004f -> 0x0053) 05 0e e4 00 
ADV 5 (0x0053 -> 0x0058) 01 00 c8 05 0f 
ADV 3 (0x005a -> 0x005d) 10 40 01 
ADV 5 (0x005d -> 0x0062) 07 54 01 02 03 
ADV 3 (0x0062 -> 0x0065) 09 ff e2 
ADV 5 (0x0065 -> 0x006a) 06 54 07 08 09 
ADV 4 (0x004f -> 0x0053) 05 0e e4 00 
ADV 5 (0x0053 -> 0x0058) 01 00 c8 05 0f 
ADV 3 (0x005a -> 0x005d) 10 40 01 
ADV 5 (0x005d -> 0x0062) 07 54 01 02 03 
ADV 3 (0x0062 -> 0x0065) 09 ff e2 
ADV 5 (0x0065 -> 0x006a) 06 54 07 08 09 
ADV 4 (0x004f -> 0x0053) 05 0e e4 00 
ADV 5 (0x0053 -> 0x0058) 01 00 c8 05 0f 
ADV 3 (0x005a -> 0x005d) 10 40 01 
ADV 5 (0x005d -> 0x0062) 07 54 01 02 03 
ADV 3 (0x0062 -> 0x0065) 09 ff e2 
ADV 5 (0x0065 -> 0x006a) 06 54 07 08 09 
ADV 4 (0x004f -> 0x0053) 05 0e e4 00 
ADV 5 (0x0053 -> 0x0058) 01 00 c8 05 0f 
ADV 3 (0x005a -> 0x005d) 10 40 01 
ADV 5 (0x005d -> 0x0062) 07 54 01 02 03 
ADV 3 (0x0062 -> 0x0065) 09 ff e2 
ADV 5 (0x0065 -> 0x006a) 06 54 07 08 09 
ADV 4 (0x004f -> 0x0053) 05 0e e4 00 
ADV 5 (0x0053 -> 0x0058) 01 00 c8 05 0f 
ADV 3 (0x005a -> 0x005d) 10 40 01 
ADV 5 (0x005d -> 0x0062) 07 54 01 02 03 
ADV 3 (0x0062 -> 0x0065) 09 ff e2 
ADV 5 (0x0065 -> 0x006a) 06 54 07 08 09 
ADV 4 (0x004f -> 0x0053) 05 0e e4 00 
ADV 5 (0x0053 -> 0x0058) 01 00 c8 05 0f 
ADV 3 (0x005a -> 0x005d) 10 40 01 
ADV 5 (0x005d -> 0x0062) 07 54 01 02 03 
ADV 3 (0x0062 -> 0x0065) 09 ff e2 
ADV 5 (0x0065 -> 0x006a) 06 54 07 08 09 
ADV 4 (0x004f -> 0x0053) 05 0e e4 00 
ADV 5 (0x0053 -> 0x0058) 01 00 c8 05 0f 
ADV 3 (0x005a -> 0x005d) 10 40 01 
ADV 5 (0x005d -> 0x0062) 07 54 01 02 03 
ADV 3 (0x0062 -> 0x0065) 09 ff e2 
ADV 5 (0x0065 -> 0x006a) 06 54 07 08 09 
ADV 4 (0x004f -> 0x0053) 05 0e e4 00 
ADV 5 (0x0053 -> 0x0058) 01 00 c8 05 0f 
ADV 3 (0x005a -> 0x005d) 10 40 01 
ADV 5 (0x005d -> 0x0062) 07 54 01 02 03 
ADV 3 (0x0062 -> 0x0065) 09 ff e2 
ADV 5 (0x0065 -> 0x006a) 06 54 07 08 09 
ADV 4 (0x004f -> 0x0053) 05 0e e4 00 
ADV 5 (0x0053 -> 0x0058) 01 00 c8 05 0f 
ADV 3 (0x005a -> 0x005d) 10 40 01 
ADV 5 (0x005d -> 0x0062) 07 54 01 02 03 
ADV 3 (0x0062 -> 0x0065) 09 ff e2 
ADV 5 (0x0065 -> 0x006a) 06 54 07 08 09 
ADV 4 (0x004f -> 0x0053) 05 0e e4 00 
ADV 5 (0x0053 -> 0x0058) 01 00 c8 05 0f 
ADV 3 (0x005a -> 0x005d) 10 40 01 
ADV 5 (0x005d -> 0x0062) 07 54 01 02 03 
ADV 3 (0x0062 -> 0x0065) 09 ff e2 
ADV 5 (0x0065 -> 0x006a) 06 54 07 08 09 
ADV 4 (0x004f -> 0x0053) 05 0e e4 00 
ADV 5 (0x0053 -> 0x0058) 01 00 c8 05 0f 
ADV 3 (0x005a -> 0x005d) 10 40 01 
ADV 5 (0x005d -> 0x0062) 07 54 01 02 03 
ADV 3 (0x0062 -> 0x0065) 09 ff e2 
ADV 5 (0x0065 -> 0x006a) 06 54 07 08 09 
ADV 4 (0x004f -> 0x0053) 05 0e e4 00 
ADV 5 (0x0053 -> 0x0058) 01 00 c8 05 0f 
ADV 3 (0x005a -> 0x005d) 10 40 01 
ADV 5 (0x005d -> 0x0062) 07 54 01 02 03 
ADV 3 (0x0062 -> 0x0065) 09 ff e2 
ADV 5 (0x0065 -> 0x006a) 06 54 07 08 09 
ADV 4 (0x004f -> 0x0053) 05 0e e4 00 
ADV 5 (0x0053 -> 0x0058) 01 00 c8 05 0f 
ADV 3 (0x005a -> 0x005d) 10 40 01 
ADV 5 (0x005d -> 0x0062) 07 54 01 02 03 
ADV 3 (0x0062 -> 0x0065) 09 ff e2 
ADV 5 (0x0065 -> 0x006a) 06 54 07 08 09 
ADV 4 (0x004f -> 0x0053) 05 0e e4 00 
ADV 5 (0x0053 -> 0x0058) 01 00 c8 05 0f 
ADV 3 (0x005a -> 0x005d) 10 40 01 
ADV 5 (0x005d -> 0x0062) 07 54 01 02 03 
ADV 3 (0x0062 -> 0x0065) 09 ff e2 
ADV 5 (0x0065 -> 0x006a) 06 54 07 08 09 
ADV 4 (0x004f -> 0x0053) 05 0e e4 00 
ADV 5 (0x0053 -> 0x0058) 01 00 c8 05 0f 
ADV 3 (0x005a -> 0x005d) 10 40 01 
ADV 5 (0x005d -> 0x0062) 07 54 01 02 03 
ADV 3 (0x0062 -> 0x0065) 09 ff e2 
ADV 5 (0x0065 -> 0x006a) 06 54 07 08 09 
ADV 4 (0x004f -> 0x0053) 05 0e e4 00 
ADV 5 (0x0053 -> 0x0058) 01 00 c8 05 0f 
ADV 3 (0x005a -> 0x005d) 10 40 01 
ADV 5 (0x005d -> 0x0062) 07 54 01 02 03 
ADV 3 (0x0062 -> 0x0065) 09 ff e2 
ADV 5 (0x0065 -> 0x006a) 06 54 07 08 09 
ADV 4 (0x004f -> 0x0053) 05 0e e4 00 
ADV 5 (0x0053 -> 0x0058) 01 00 c8 05 0f 
ADV 3 (0x005a -> 0x005d) 10 40 01 
ADV 5 (0x005d -> 0x0062) 07 54 01 02 03 
ADV 3 (0x0062 -> 0x0065) 09 ff e2 
ADV 5 (0x0065 -> 0x006a) 06 54 07 08 09 
ADV 4 (0x004f -> 0x0053) 05 0e e4 00 
ADV 5 (0x0053 -> 0x0058) 01 00 c8 05 0f 
ADV 3 (0x005a -> 0x005d) 10 40 01 
ADV 5 (0x005d -> 0x0062) 07 54 01 02 03 
ADV 3 (0x0062 -> 0x0065) 09 ff e2 
ADV 5 (0x0065 -> 0x006a) 06 54 07 08 09 
ADV 4 (0x004f -> 0x0053) 05 0e e4 00 
ADV 5 (0x0053 -> 0x0058) 01 00 c8 05 0f 
ADV 3 (0x005a -> 0x005d) 10 40 01 
ADV 5 (0x005d -> 0x0062) 07 54 01 02 03 
0x0000 : 01 00 00 00 01 02 90 00 00 00 37 01 02 d0 ff fc 02 03 70 01 01 00 04 54 01 02 03 05 54 01 02 03 06 74 01 ff fb 03 07 74 01 ff fb 03 08 74 01 ff fb 03 0a e4 00 01 00 02 04 0b 68 02 00 e9 ff ea 
0x0040 : 0b 64 02 00 e9 01 0c 2f 6c 0d 90 00 00 00 16 05 0e e4 00 01 00 c8 05 0f 52 94 10 40 01 07 54 01 02 03 09 ff e2 06 54 07 08 09 09 ff e2 00 00 00 00 00 00 00 00 00 00 00 00 00 00 00 00 00 00 00 
0x0080 : 00 00 00 00 00 00 00 00 00 00 00 00 00 00 00 00 00 00 00 00 00 00 00 00 00 00 00 00 00 00 00 00 00 00 00 00 00 00 00 00 00 00 00 00 00 00 00 00 00 00 00 00 00 00 00 00 00 00 00 00 00 00 00 00 
0x00c0 : 00 00 00 00 00 00 00 00 00 00 00 00 00 00 00 00 00 00 00 00 00 00 00 00 00 00 00 00 00 00 00 00 00 00 00 00 00 00 00 00 00 00 00 00 00 00 00 00 00 00 00 00 00 00 00 00 00 00 00 00 00 00 00 00 
0x0100 : 00 00 00 00 00 00 00 00 00 00 00 00 00 00 37 01 00 00 00 00 37 00 00 00 00 00 00 00 00 00 00 00 00 00 00 00 00 00 00 00 00 00 00 00 00 00 00 00 00 00 00 00 00 00 00 00 00 00 00 00 00 00 00 00 
0x0140 : 00 00 00 00 00 00 00 00 00 00 00 00 00 00 00 00 00 00 00 00 00 00 00 00 00 00 00 00 00 00 00 00 00 00 37 01 00 00 00 00 00 00 00 00 00 00 00 00 00 00 00 00 00 00 00 00 00 00 00 00 00 00 00 00 
0x0180 : 00 00 00 00 00 00 00 00 00 00 00 00 00 00 00 00 00 00 00 00 00 00 00 00 00 00 00 00 00 00 00 00 00 00 00 00 00 00 00 00 00 00 00 00 00 00 00 00 00 00 00 00 00 00 00 00 00 00 00 00 00 00 00 00 
0x01c0 : 00 00 00 00 00 00 00 00 00 00 00 00 00 00 00 00 00 00 00 00 00 00 00 00 00 00 00 00 00 00 00 00 00 00 00 00 00 00 00 00 00 00 00 00 00 00 00 00 00 00 00 00 00 00 00 00 00 00 00 00 00 00 00 00 
0x0200 : 00 00 00 00 00 00 00 00 00 00 00 00 00 00 00 00 00 00 00 00 00 00 00 00 00 00 00 00 00 00 00 00 00 00 00 00 00 00 00 00 00 00 00 00 00 00 00 00 00 00 00 00 00 00 00 00 00 00 00 00 00 00 00 00 
0x0240 : 00 00 00 00 00 00 00 00 00 00 00 00 00 00 00 00 00 00 00 00 00 00 00 00 00 00 00 00 00 00 00 00 00 00 00 00 00 00 00 00 00 00 00 00 00 00 00 00 00 00 00 00 00 00 00 00 00 00 00 00 00 00 00 00 
0x0280 : 00 00 00 00 00 00 00 00 00 00 00 00 00 00 00 00 00 00 00 00 00 00 00 00 00 00 00 00 00 00 00 00 00 00 00 00 00 00 00 00 00 00 00 00 00 00 00 00 00 00 00 00 00 00 00 00 00 00 00 00 00 00 00 00 
0x02c0 : 00 00 00 00 00 00 00 00 00 00 00 00 00 00 00 00 00 00 00 00 00 00 00 00 00 00 00 00 00 00 00 00 00 00 00 00 00 00 00 00 00 00 00 00 00 00 00 00 00 00 00 00 00 00 00 00 00 00 00 00 00 00 00 00 
0x0300 : 00 00 00 00 00 00 00 00 00 00 00 00 00 00 00 00 00 00 00 00 00 00 00 00 00 00 00 00 00 00 00 00 00 00 00 00 00 00 00 00 00 00 00 00 00 00 00 00 00 00 00 00 00 00 00 00 00 00 00 00 00 00 00 00 
0x0340 : 00 00 00 00 00 00 00 00 00 00 00 00 00 00 00 00 00 00 00 00 00 00 00 00 00 00 00 00 00 00 00 00 00 00 00 00 00 00 00 00 00 00 00 00 00 00 00 00 00 00 00 00 00 00 00 00 00 00 00 00 00 00 00 00 
0x0380 : 00 00 00 00 00 00 00 00 00 00 00 00 00 00 00 00 00 00 00 00 00 00 00 00 00 00 00 00 00 00 00 00 00 00 00 00 00 00 00 00 00 00 00 00 00 00 00 00 00 00 00 00 00 00 00 00 00 00 00 00 00 00 00 00 
0x03c0 : 00 00 00 00 00 00 00 00 00 00 00 00 00 00 00 00 00 00 00 00 00 00 00 00 00 00 00 00 00 00 00 00 00 00 00 00 00 00 00 00 00 00 00 00 00 00 00 00 00 00 00 00 00 00 00 00 00 00 00 00 00 00 00 00 
0x0400 : 00 00 00 00 00 00 00 00 00 00 00 00 00 00 00 00 00 00 00 00 00 00 00 00 00 00 00 00 00 00 00 00 00 00 00 00 00 00 00 00 00 00 00 00 00 00 00 00 00 00 00 00 00 00 00 00 00 00 00 00 00 00 00 00 
0x0440 : 00 00 00 00 00 00 00 00 00 00 00 00 00 00 00 00 00 00 00 00 00 00 00 00 00 00 00 00 00 00 00 00 00 00 00 00 00 00 00 00 00 00 00 00 00 00 00 00 00 00 00 00 00 00 00 00 00 00 00 00 00 00 00 00 
0x0480 : 00 00 00 00 00 00 00 00 00 00 00 00 00 00 00 00 00 00 00 00 00 00 00 00 00 00 00 00 00 00 00 00 00 00 00 00 00 00 00 00 00 00 00 00 00 00 00 00 00 00 00 00 00 00 00 00 00 00 00 00 00 00 00 00 
0x04c0 : 00 00 00 00 00 00 00 00 00 00 00 00 00 00 00 00 00 00 00 00 00 00 00 00 00 00 00 00 00 00 00 00 00 00 00 00 00 00 00 00 00 00 00 00 00 00 00 00 00 00 00 00 00 00 00 00 00 00 00 00 00 00 00 00 
0x0500 : 00 00 00 00 00 00 00 00 00 00 00 00 00 00 00 00 00 00 00 00 00 00 00 00 00 00 00 00 00 00 00 00 00 00 00 00 00 00 00 00 00 00 00 00 00 00 00 00 00 00 00 00 00 00 00 00 00 00 00 00 00 00 00 00 
0x0540 : 00 00 00 00 00 00 00 00 00 00 00 00 00 00 00 00 00 00 00 00 00 00 00 00 00 00 00 00 00 00 00 00 00 00 00 00 00 00 00 00 00 00 00 00 00 00 00 00 00 00 00 00 00 00 00 00 00 00 00 00 00 00 00 00 
0x0580 : 00 00 00 00 00 00 00 00 00 00 00 00 00 00 00 00 00 00 00 00 00 00 00 00 00 00 00 00 00 00 00 00 00 00 00 00 00 00 00 00 00 00 00 00 00 00 00 00 00 00 00 00 00 00 00 00 00 00 00 00 00 00 00 00 
0x05c0 : 00 00 00 00 00 00 00 00 00 00 00 00 00 00 00 00 00 00 00 00 00 00 00 00 00 00 00 00 00 00 00 00 00 00 00 00 00 00 00 00 00 00 00 00 00 00 00 00 00 00 00 00 00 00 00 00 00 00 00 00 00 00 00 00 
0x0600 : 00 00 00 00 00 00 00 00 00 00 00 00 00 00 00 00 00 00 00 00 00 00 00 00 00 00 00 00 00 00 00 00 00 00 00 00 00 00 00 00 00 00 00 00 00 00 00 00 00 00 00 00 00 00 00 00 00 00 00 00 00 00 00 00 
0x0640 : 00 00 00 00 00 00 00 00 00 00 00 00 00 00 00 00 00 00 00 00 00 00 00 00 00 00 00 00 00 00 00 00 00 00 00 00 00 00 00 00 00 00 00 00 00 00 00 00 00 00 00 00 00 00 00 00 00 00 00 00 00 00 00 00 
0x0680 : 00 00 00 00 00 00 00 00 00 00 00 00 00 00 00 00 00 00 00 00 00 00 00 00 00 00 00 00 00 00 00 00 00 00 00 00 00 00 00 00 00 00 00 00 00 00 00 00 00 00 00 00 00 00 00 00 00 00 00 00 00 00 00 00 
0x06c0 : 00 00 00 00 00 00 00 00 00 00 00 00 00 00 00 00 00 00 00 00 00 00 00 00 00 00 00 00 00 00 00 00 00 00 00 00 00 00 00 00 00 00 00 00 00 00 00 00 00 00 00 00 00 00 00 00 00 00 00 00 00 00 00 00 
0x0700 : 00 00 00 00 00 00 00 00 00 00 00 00 00 00 00 00 00 00 00 00 00 00 00 00 00 00 00 00 00 00 00 00 00 00 00 00 00 00 00 00 00 00 00 00 00 00 00 00 00 00 00 00 00 00 00 00 00 00 00 00 00 00 00 00 
0x0740 : 00 00 00 00 00 00 00 00 00 00 00 00 00 00 00 00 00 00 00 00 00 00 00 00 00 00 00 00 00 00 00 00 00 00 00 00 00 00 00 00 00 00 00 00 00 00 00 00 00 00 00 00 00 00 00 00 00 00 00 00 00 00 00 00 
0x0780 : 00 00 00 00 00 00 00 00 00 00 00 00 00 00 00 00 00 00 00 00 00 00 00 00 00 00 00 00 00 00 00 00 00 00 00 00 00 00 00 00 00 00 00 00 00 00 00 00 00 00 00 00 00 00 00 00 00 00 00 00 00 00 00 00 
0x07c0 : 00 00 00 00 00 00 00 00 00 00 00 00 00 00 00 00 00 00 00 00 00 00 00 00 00 00 00 00 00 00 00 00 00 00 00 00 00 00 00 00 00 00 00 00 00 00 00 00 00 00 00 00 00 00 00 00 00 00 00 00 00 00 00 00 
0x0800 : 00 00 00 00 00 00 00 00 00 00 00 00 00 00 00 00 00 00 00 00 00 00 00 00 00 00 00 00 00 00 00 00 00 00 00 00 00 00 00 00 00 00 00 00 00 00 00 00 00 00 00 00 00 00 00 00 00 00 00 00 00 00 00 00 
0x0840 : 00 00 00 00 00 00 00 00 00 00 00 00 00 00 00 00 00 00 00 00 00 00 00 00 00 00 00 00 00 00 00 00 00 00 00 00 00 00 00 00 00 00 00 00 00 00 00 00 00 00 00 00 00 00 00 00 00 00 00 00 00 00 00 00 
0x0880 : 00 00 00 00 00 00 00 00 00 00 00 00 00 00 00 00 00 00 00 00 00 00 00 00 00 00 00 00 00 00 00 00 00 00 00 00 00 00 00 00 00 00 00 00 00 00 00 00 00 00 00 00 00 00 00 00 00 00 00 00 00 00 00 00 
0x08c0 : 00 00 00 00 00 00 00 00 00 00 00 00 00 00 00 00 00 00 00 00 00 00 00 00 00 00 00 00 00 00 00 00 00 00 00 00 00 00 00 00 00 00 00 00 00 00 00 00 00 00 00 00 00 00 00 00 00 00 00 00 00 00 00 00 
0x0900 : 00 00 00 00 00 00 00 00 00 00 00 00 00 00 00 00 00 00 00 00 00 00 00 00 00 00 00 00 00 00 00 00 00 00 00 00 00 00 00 00 00 00 00 00 00 00 00 00 00 00 00 00 00 00 00 00 00 00 00 00 00 00 00 00 
0x0940 : 00 00 00 00 00 00 00 00 00 00 00 00 00 00 00 00 00 00 00 00 00 00 00 00 00 00 00 00 00 00 00 00 00 00 00 00 00 00 00 00 00 00 00 00 00 00 00 00 00 00 00 00 00 00 00 00 00 00 00 00 00 00 00 00 
0x0980 : 00 00 00 00 00 00 00 00 00 00 00 00 00 00 00 00 00 00 00 00 00 00 00 00 00 00 00 00 00 00 00 00 00 00 00 00 00 00 00 00 00 00 00 00 00 00 00 00 00 00 00 00 00 00 00 00 00 00 00 00 00 00 00 00 
0x09c0 : 00 00 00 00 00 00 00 00 00 00 00 00 00 00 00 00 00 00 00 00 00 00 00 00 00 00 00 00 00 00 00 00 00 00 00 00 00 00 00 00 00 00 00 00 00 00 00 00 00 00 00 00 00 00 00 00 00 00 00 00 00 00 00 00 
0x0a00 : 00 00 00 00 00 00 00 00 00 00 00 00 00 00 00 00 00 00 00 00 00 00 00 00 00 00 00 00 00 00 00 00 00 00 00 00 00 00 00 00 00 00 00 00 00 00 00 00 00 00 00 00 00 00 00 00 00 00 00 00 00 00 00 00 
0x0a40 : 00 00 00 00 00 00 00 00 00 00 00 00 00 00 00 00 00 00 00 00 00 00 00 00 00 00 00 00 00 00 00 00 00 00 00 00 00 00 00 00 00 00 00 00 00 00 00 00 00 00 00 00 00 00 00 00 00 00 00 00 00 00 00 00 
0x0a80 : 00 00 00 00 00 00 00 00 00 00 00 00 00 00 00 00 00 00 00 00 00 00 00 00 00 00 00 00 00 00 00 00 00 00 00 00 00 00 00 00 00 00 00 00 00 00 00 00 00 00 00 00 00 00 00 00 00 00 00 00 00 00 00 00 
0x0ac0 : 00 00 00 00 00 00 00 00 00 00 00 00 00 00 00 00 00 00 00 00 00 00 00 00 00 00 00 00 00 00 00 00 00 00 00 00 00 00 00 00 00 00 00 00 00 00 00 00 00 00 00 00 00 00 00 00 00 00 00 00 00 00 00 00 
0x0b00 : 00 00 00 00 00 00 00 00 00 00 00 00 00 00 00 00 00 00 00 00 00 00 00 00 00 00 00 00 00 00 00 00 00 00 00 00 00 00 00 00 00 00 00 00 00 00 00 00 00 00 00 00 00 00 00 00 00 00 00 00 00 00 00 00 
0x0b40 : 00 00 00 00 00 00 00 00 00 00 00 00 00 00 00 00 00 00 00 00 00 00 00 00 00 00 00 00 00 00 00 00 00 00 00 00 00 00 00 00 00 00 00 00 00 00 00 00 00 00 00 00 00 00 00 00 00 00 00 00 00 00 00 00 
0x0b80 : 00 00 00 00 00 00 00 00 00 00 00 00 00 00 00 00 00 00 00 00 00 00 00 00 00 00 00 00 00 00 00 00 00 00 00 00 00 00 00 00 00 00 00 00 00 00 00 00 00 00 00 00 00 00 00 00 00 00 00 00 00 00 00 00 
0x0bc0 : 00 00 00 00 00 00 00 00 00 00 00 00 00 00 00 00 00 00 00 00 00 00 00 00 00 00 00 00 00 00 00 00 00 00 00 00 00 00 00 00 00 00 00 00 00 00 00 00 00 00 00 00 00 00 00 00 00 00 00 00 00 00 00 00 
0x0c00 : 00 00 00 00 00 00 00 00 00 00 00 00 00 00 00 00 00 00 00 00 00 00 00 00 00 00 00 00 00 00 00 00 00 00 00 00 00 00 00 00 00 00 00 00 00 00 00 00 00 00 00 00 00 00 00 00 00 00 00 00 00 00 00 00 
0x0c40 : 00 00 00 00 00 00 00 00 00 00 00 00 00 00 00 00 00 00 00 00 00 00 00 00 00 00 00 00 00 00 00 00 00 00 00 00 00 00 00 00 00 00 00 00 00 00 00 00 00 00 00 00 00 00 00 00 00 00 00 00 00 00 00 00 
0x0c80 : 00 00 00 00 00 00 00 00 00 00 00 00 00 00 00 00 00 00 00 00 00 00 00 00 00 00 00 00 00 00 00 00 00 00 00 00 00 00 00 00 00 00 00 00 00 00 00 00 00 00 00 00 00 00 00 00 00 00 00 00 00 00 00 00 
0x0cc0 : 00 00 00 00 00 00 00 00 00 00 00 00 00 00 00 00 00 00 00 00 00 00 00 00 00 00 00 00 00 00 00 00 00 00 00 00 00 00 00 00 00 00 00 00 00 00 00 00 00 00 00 00 00 00 00 00 00 00 00 00 00 00 00 00 
0x0d00 : 00 00 00 00 00 00 00 00 00 00 00 00 00 00 00 00 00 00 00 00 00 00 00 00 00 00 00 00 00 00 00 00 00 00 00 00 00 00 00 00 00 00 00 00 00 00 00 00 00 00 00 00 00 00 00 00 00 00 00 00 00 00 00 00 
0x0d40 : 00 00 00 00 00 00 00 00 00 00 00 00 00 00 00 00 00 00 00 00 00 00 00 00 00 00 00 00 00 00 00 00 00 00 00 00 00 00 00 00 00 00 00 00 00 00 00 00 00 00 00 00 00 00 00 00 00 00 00 00 00 00 00 00 
0x0d80 : 00 00 00 00 00 00 00 00 00 00 00 00 00 00 00 00 00 00 00 00 00 00 00 00 00 00 00 00 00 00 00 00 00 00 00 00 00 00 00 00 00 00 00 00 00 00 00 00 00 00 00 00 00 00 00 00 00 00 00 00 00 00 00 00 
0x0dc0 : 00 00 00 00 00 00 00 00 00 00 00 00 00 00 00 00 00 00 00 00 00 00 00 00 00 00 00 00 00 00 00 00 00 00 00 00 00 00 00 00 00 00 00 00 00 00 00 00 00 00 00 00 00 00 00 00 00 00 00 00 00 00 00 00 
0x0e00 : 00 00 00 00 00 00 00 00 00 00 00 00 00 00 00 00 00 00 00 00 00 00 00 00 00 00 00 00 00 00 00 00 00 00 00 00 00 00 00 00 00 00 00 00 00 00 00 00 00 00 00 00 00 00 00 00 00 00 00 00 00 00 00 00 
0x0e40 : 00 00 00 00 00 00 00 00 00 00 00 00 00 00 00 00 00 00 00 00 00 00 00 00 00 00 00 00 00 00 00 00 00 00 00 00 00 00 00 00 00 00 00 00 00 00 00 00 00 00 00 00 00 00 00 00 00 00 00 00 00 00 00 00 
0x0e80 : 00 00 00 00 00 00 00 00 00 00 00 00 00 00 00 00 00 00 00 00 00 00 00 00 00 00 00 00 00 00 00 00 00 00 00 00 00 00 00 00 00 00 00 00 00 00 00 00 00 00 00 00 00 00 00 00 00 00 00 00 00 00 00 00 
0x0ec0 : 00 00 00 00 00 00 00 00 00 00 00 00 00 00 00 00 00 00 00 00 00 00 00 00 00 00 00 00 00 00 00 00 00 00 00 00 00 00 00 00 00 00 00 00 00 00 00 00 00 00 00 00 00 00 00 00 00 00 00 00 00 00 00 00 
0x0f00 : 00 00 00 00 00 00 00 00 00 00 00 00 00 00 00 00 00 00 00 00 00 00 00 00 00 00 00 00 00 00 00 00 00 00 00 00 00 00 00 00 00 00 00 00 00 00 00 00 00 00 00 00 00 00 00 00 00 00 00 00 00 00 00 00 
0x0f40 : 00 00 00 00 00 00 00 00 00 00 00 00 00 00 00 00 00 00 00 00 00 00 00 00 00 00 00 00 00 00 00 00 00 00 00 00 00 00 00 00 00 00 00 00 00 00 00 00 00 00 00 00 00 00 00 00 00 00 00 00 00 00 00 00 
0x0f80 : 00 00 00 00 00 00 00 00 00 00 00 00 00 00 00 00 00 00 00 00 00 00 00 00 00 00 00 00 00 00 00 00 00 00 00 00 00 00 00 00 00 00 00 00 00 00 00 00 00 00 00 00 00 00 00 00 00 00 00 00 00 00 00 00 
0x0fc0 : 00 00 00 00 00 00 00 00 00 00 00 00 00 00 00 00 00 00 00 00 00 00 00 00 00 00 00 00 00 00 00 00 00 00 00 00 00 00 00 00 00 00 00 00 00 00 00 00 00 00 00 00 00 00 00 00 00 00 00 00 00 00 00 00 
